1637918623045	geckodriver	INFO	Listening on 127.0.0.1:50403
1637918626114	mozrunner::runner	INFO	Running command: "C:\\Program Files\\Mozilla Firefox\\firefox.exe" "--marionette" "--remote-debugging-port" "50404" "-no-remote" "-profile" "C:\\Users\\harik\\AppData\\Local\\Temp\\rust_mozprofileawwshj"
1637918627136	Marionette	INFO	Marionette enabled
console.warn: SearchSettings: "get: No settings file exists, new profile?" (new NotFoundError("Could not open the file at C:\\Users\\harik\\AppData\\Local\\Temp\\rust_mozprofileawwshj\\search.json.mozlz4", (void 0)))
DevTools listening on ws://localhost:50404/devtools/browser/606347e9-ea9e-4fe0-95af-98bdb8ea0733
1637918630655	Marionette	INFO	Listening on port 50413
1637918630914	RemoteAgent	WARN	TLS certificate errors will be ignored for this session
JavaScript error: https://www.mohfw.gov.in/, line 2625: TypeError: data[i] is undefined
console.error: Region.jsm: "Error fetching region" (new Error("TIMEOUT", "resource://gre/modules/Region.jsm", 772))
console.error: Region.jsm: "Failed to fetch region" (new Error("TIMEOUT", "resource://gre/modules/Region.jsm", 419))
1637918637368	Marionette	INFO	Stopped listening on port 50413
1638243022645	geckodriver	INFO	Listening on 127.0.0.1:57920
1638243025705	mozrunner::runner	INFO	Running command: "C:\\Program Files\\Mozilla Firefox\\firefox.exe" "--marionette" "--remote-debugging-port" "57921" "-no-remote" "-profile" "C:\\Users\\harik\\AppData\\Local\\Temp\\rust_mozprofileAN7Khw"
1638243026811	Marionette	INFO	Marionette enabled
console.warn: SearchSettings: "get: No settings file exists, new profile?" (new NotFoundError("Could not open the file at C:\\Users\\harik\\AppData\\Local\\Temp\\rust_mozprofileAN7Khw\\search.json.mozlz4", (void 0)))
DevTools listening on ws://localhost:57921/devtools/browser/4f2e5367-e5dd-427e-97e0-62025831463c
1638243030842	Marionette	INFO	Listening on port 57927
1638243031055	RemoteAgent	WARN	TLS certificate errors will be ignored for this session
JavaScript error: https://www.mohfw.gov.in/, line 2634: TypeError: data[i] is undefined
1638243038357	Marionette	INFO	Stopped listening on port 57927

###!!! [Parent][RunMessage] Error: Channel closing: too late to send/recv, messages will be lost

